<?xml version="1.0" encoding="UTF-8"?>
<!-- Generated by org.testng.reporters.JUnitReportReporter -->
<testsuite hostname="Lohith" failures="0" tests="1" name="test.SkillRaryTest" time="14.483" errors="0" timestamp="2022-08-14T11:19:51 IST" skipped="0">
  <testcase classname="test.SkillRaryTest" name="test1" time="14.483"/>
  <system-out/>
</testsuite> <!-- test.SkillRaryTest -->
